<?xml version="1.0" encoding="UTF-8"?>
<testng-results skipped="0" failed="2" ignored="0" total="6" passed="4">
  <reporter-output>
  </reporter-output>
  <suite name="Suite" duration-ms="189839" started-at="2022-09-08T12:55:58 IST" finished-at="2022-09-08T12:59:08 IST">
    <groups>
    </groups>
    <test name="Test" duration-ms="189839" started-at="2022-09-08T12:55:58 IST" finished-at="2022-09-08T12:59:08 IST">
      <class name="TestMavenCheck.Test.CartPageTest">
        <test-method status="PASS" signature="launchBrowser()[pri:0, instance:TestMavenCheck.Test.CartPageTest@71248c21]" name="launchBrowser" is-config="true" duration-ms="20518" started-at="2022-09-08T12:58:39 IST" finished-at="2022-09-08T12:58:59 IST">
          <reporter-output>
          </reporter-output>
        </test-method> <!-- launchBrowser -->
        <test-method status="PASS" signature="pageObjects()[pri:0, instance:TestMavenCheck.Test.CartPageTest@71248c21]" name="pageObjects" is-config="true" duration-ms="2" started-at="2022-09-08T12:58:59 IST" finished-at="2022-09-08T12:58:59 IST">
          <reporter-output>
          </reporter-output>
        </test-method> <!-- pageObjects -->
        <test-method status="FAIL" signature="varifyItemInCart()[pri:0, instance:TestMavenCheck.Test.CartPageTest@71248c21]" name="varifyItemInCart" duration-ms="7190" started-at="2022-09-08T12:58:59 IST" finished-at="2022-09-08T12:59:06 IST">
          <exception class="org.openqa.selenium.ElementClickInterceptedException">
            <message>
              <![CDATA[element click intercepted: Element <span>...</span> is not clickable at point (1356, 28). Other element would receive the click: <div class="_2hriZF _2rbIyg" tabindex="-1">...</div>
  (Session info: chrome=105.0.5195.53)
Build info: version: '4.0.0', revision: '3a21814679'
System info: host: 'DESKTOP-EDH5CLB', ip: '192.168.0.104', os.name: 'Windows 10', os.arch: 'amd64', os.version: '10.0', java.version: '1.8.0_341'
Driver info: org.openqa.selenium.chrome.ChromeDriver
Command: [76bd4c7a4675559fe0975ca1a6bed406, clickElement {id=ca80a6fe-4d46-4094-a49b-bcb9895ba063}]
Capabilities {acceptInsecureCerts: false, browserName: chrome, browserVersion: 105.0.5195.53, chrome: {chromedriverVersion: 105.0.5195.52 (412c95e51883..., userDataDir: C:\Users\owner\AppData\Loca...}, goog:chromeOptions: {debuggerAddress: localhost:61565}, javascriptEnabled: true, networkConnectionEnabled: false, pageLoadStrategy: normal, platform: WINDOWS, platformName: WINDOWS, proxy: Proxy(), se:cdp: ws://localhost:61565/devtoo..., se:cdpVersion: 105.0.5195.53, setWindowRect: true, strictFileInteractability: false, timeouts: {implicit: 0, pageLoad: 300000, script: 30000}, unhandledPromptBehavior: dismiss and notify, webauthn:extension:credBlob: true, webauthn:extension:largeBlob: true, webauthn:virtualAuthenticators: true}
Element: [[ChromeDriver: chrome on WINDOWS (76bd4c7a4675559fe0975ca1a6bed406)] -> xpath: //span[text()='Cart']]
Session ID: 76bd4c7a4675559fe0975ca1a6bed406]]>
            </message>
            <full-stacktrace>
              <![CDATA[org.openqa.selenium.ElementClickInterceptedException: element click intercepted: Element <span>...</span> is not clickable at point (1356, 28). Other element would receive the click: <div class="_2hriZF _2rbIyg" tabindex="-1">...</div>
  (Session info: chrome=105.0.5195.53)
Build info: version: '4.0.0', revision: '3a21814679'
System info: host: 'DESKTOP-EDH5CLB', ip: '192.168.0.104', os.name: 'Windows 10', os.arch: 'amd64', os.version: '10.0', java.version: '1.8.0_341'
Driver info: org.openqa.selenium.chrome.ChromeDriver
Command: [76bd4c7a4675559fe0975ca1a6bed406, clickElement {id=ca80a6fe-4d46-4094-a49b-bcb9895ba063}]
Capabilities {acceptInsecureCerts: false, browserName: chrome, browserVersion: 105.0.5195.53, chrome: {chromedriverVersion: 105.0.5195.52 (412c95e51883..., userDataDir: C:\Users\owner\AppData\Loca...}, goog:chromeOptions: {debuggerAddress: localhost:61565}, javascriptEnabled: true, networkConnectionEnabled: false, pageLoadStrategy: normal, platform: WINDOWS, platformName: WINDOWS, proxy: Proxy(), se:cdp: ws://localhost:61565/devtoo..., se:cdpVersion: 105.0.5195.53, setWindowRect: true, strictFileInteractability: false, timeouts: {implicit: 0, pageLoad: 300000, script: 30000}, unhandledPromptBehavior: dismiss and notify, webauthn:extension:credBlob: true, webauthn:extension:largeBlob: true, webauthn:virtualAuthenticators: true}
Element: [[ChromeDriver: chrome on WINDOWS (76bd4c7a4675559fe0975ca1a6bed406)] -> xpath: //span[text()='Cart']]
Session ID: 76bd4c7a4675559fe0975ca1a6bed406
at sun.reflect.NativeConstructorAccessorImpl.newInstance0(Native Method)
at sun.reflect.NativeConstructorAccessorImpl.newInstance(Unknown Source)
at sun.reflect.DelegatingConstructorAccessorImpl.newInstance(Unknown Source)
at java.lang.reflect.Constructor.newInstance(Unknown Source)
at org.openqa.selenium.remote.codec.w3c.W3CHttpResponseCodec.createException(W3CHttpResponseCodec.java:200)
at org.openqa.selenium.remote.codec.w3c.W3CHttpResponseCodec.decode(W3CHttpResponseCodec.java:133)
at org.openqa.selenium.remote.codec.w3c.W3CHttpResponseCodec.decode(W3CHttpResponseCodec.java:53)
at org.openqa.selenium.remote.HttpCommandExecutor.execute(HttpCommandExecutor.java:184)
at org.openqa.selenium.remote.service.DriverCommandExecutor.invokeExecute(DriverCommandExecutor.java:164)
at org.openqa.selenium.remote.service.DriverCommandExecutor.execute(DriverCommandExecutor.java:139)
at org.openqa.selenium.remote.RemoteWebDriver.execute(RemoteWebDriver.java:559)
at org.openqa.selenium.remote.RemoteWebElement.execute(RemoteWebElement.java:251)
at org.openqa.selenium.remote.RemoteWebElement.click(RemoteWebElement.java:77)
at sun.reflect.NativeMethodAccessorImpl.invoke0(Native Method)
at sun.reflect.NativeMethodAccessorImpl.invoke(Unknown Source)
at sun.reflect.DelegatingMethodAccessorImpl.invoke(Unknown Source)
at java.lang.reflect.Method.invoke(Unknown Source)
at org.openqa.selenium.support.pagefactory.internal.LocatingElementHandler.invoke(LocatingElementHandler.java:52)
at com.sun.proxy.$Proxy15.click(Unknown Source)
at TestMavenCheck.Test.HomePage.clickCartIcon(HomePage.java:73)
at TestMavenCheck.Test.CartPageTest.varifyItemInCart(CartPageTest.java:17)
at sun.reflect.NativeMethodAccessorImpl.invoke0(Native Method)
at sun.reflect.NativeMethodAccessorImpl.invoke(Unknown Source)
at sun.reflect.DelegatingMethodAccessorImpl.invoke(Unknown Source)
at java.lang.reflect.Method.invoke(Unknown Source)
at org.testng.internal.MethodInvocationHelper.invokeMethod(MethodInvocationHelper.java:134)
at org.testng.internal.TestInvoker.invokeMethod(TestInvoker.java:597)
at org.testng.internal.TestInvoker.invokeTestMethod(TestInvoker.java:173)
at org.testng.internal.MethodRunner.runInSequence(MethodRunner.java:46)
at org.testng.internal.TestInvoker$MethodInvocationAgent.invoke(TestInvoker.java:816)
at org.testng.internal.TestInvoker.invokeTestMethods(TestInvoker.java:146)
at org.testng.internal.TestMethodWorker.invokeTestMethods(TestMethodWorker.java:146)
at org.testng.internal.TestMethodWorker.run(TestMethodWorker.java:128)
at java.util.ArrayList.forEach(Unknown Source)
at org.testng.TestRunner.privateRun(TestRunner.java:766)
at org.testng.TestRunner.run(TestRunner.java:587)
at org.testng.SuiteRunner.runTest(SuiteRunner.java:384)
at org.testng.SuiteRunner.runSequentially(SuiteRunner.java:378)
at org.testng.SuiteRunner.privateRun(SuiteRunner.java:337)
at org.testng.SuiteRunner.run(SuiteRunner.java:286)
at org.testng.SuiteRunnerWorker.runSuite(SuiteRunnerWorker.java:53)
at org.testng.SuiteRunnerWorker.run(SuiteRunnerWorker.java:96)
at org.testng.TestNG.runSuitesSequentially(TestNG.java:1187)
at org.testng.TestNG.runSuitesLocally(TestNG.java:1109)
at org.testng.TestNG.runSuites(TestNG.java:1039)
at org.testng.TestNG.run(TestNG.java:1007)
at org.testng.remote.AbstractRemoteTestNG.run(AbstractRemoteTestNG.java:115)
at org.testng.remote.RemoteTestNG.initAndRun(RemoteTestNG.java:251)
at org.testng.remote.RemoteTestNG.main(RemoteTestNG.java:77)
]]>
            </full-stacktrace>
          </exception> <!-- org.openqa.selenium.ElementClickInterceptedException -->
          <reporter-output>
          </reporter-output>
        </test-method> <!-- varifyItemInCart -->
        <test-method status="PASS" signature="pageObjects()[pri:0, instance:TestMavenCheck.Test.CartPageTest@71248c21]" name="pageObjects" is-config="true" duration-ms="19" started-at="2022-09-08T12:59:06 IST" finished-at="2022-09-08T12:59:06 IST">
          <reporter-output>
          </reporter-output>
        </test-method> <!-- pageObjects -->
        <test-method status="FAIL" signature="varifyPlaceOrderBtnEnabled()[pri:0, instance:TestMavenCheck.Test.CartPageTest@71248c21]" name="varifyPlaceOrderBtnEnabled" duration-ms="68" started-at="2022-09-08T12:59:06 IST" finished-at="2022-09-08T12:59:06 IST">
          <exception class="org.openqa.selenium.NoSuchElementException">
            <message>
              <![CDATA[no such element: Unable to locate element: {"method":"xpath","selector":"//button[@class='_2KpZ6l _2ObVJD _3AWRsL']"}
  (Session info: chrome=105.0.5195.53)
For documentation on this error, please visit: https://selenium.dev/exceptions/#no_such_element
Build info: version: '4.0.0', revision: '3a21814679'
System info: host: 'DESKTOP-EDH5CLB', ip: '192.168.0.104', os.name: 'Windows 10', os.arch: 'amd64', os.version: '10.0', java.version: '1.8.0_341'
Driver info: org.openqa.selenium.chrome.ChromeDriver
Command: [76bd4c7a4675559fe0975ca1a6bed406, findElement {using=xpath, value=//button[@class='_2KpZ6l _2ObVJD _3AWRsL']}]
Capabilities {acceptInsecureCerts: false, browserName: chrome, browserVersion: 105.0.5195.53, chrome: {chromedriverVersion: 105.0.5195.52 (412c95e51883..., userDataDir: C:\Users\owner\AppData\Loca...}, goog:chromeOptions: {debuggerAddress: localhost:61565}, javascriptEnabled: true, networkConnectionEnabled: false, pageLoadStrategy: normal, platform: WINDOWS, platformName: WINDOWS, proxy: Proxy(), se:cdp: ws://localhost:61565/devtoo..., se:cdpVersion: 105.0.5195.53, setWindowRect: true, strictFileInteractability: false, timeouts: {implicit: 0, pageLoad: 300000, script: 30000}, unhandledPromptBehavior: dismiss and notify, webauthn:extension:credBlob: true, webauthn:extension:largeBlob: true, webauthn:virtualAuthenticators: true}
Session ID: 76bd4c7a4675559fe0975ca1a6bed406]]>
            </message>
            <full-stacktrace>
              <![CDATA[org.openqa.selenium.NoSuchElementException: no such element: Unable to locate element: {"method":"xpath","selector":"//button[@class='_2KpZ6l _2ObVJD _3AWRsL']"}
  (Session info: chrome=105.0.5195.53)
For documentation on this error, please visit: https://selenium.dev/exceptions/#no_such_element
Build info: version: '4.0.0', revision: '3a21814679'
System info: host: 'DESKTOP-EDH5CLB', ip: '192.168.0.104', os.name: 'Windows 10', os.arch: 'amd64', os.version: '10.0', java.version: '1.8.0_341'
Driver info: org.openqa.selenium.chrome.ChromeDriver
Command: [76bd4c7a4675559fe0975ca1a6bed406, findElement {using=xpath, value=//button[@class='_2KpZ6l _2ObVJD _3AWRsL']}]
Capabilities {acceptInsecureCerts: false, browserName: chrome, browserVersion: 105.0.5195.53, chrome: {chromedriverVersion: 105.0.5195.52 (412c95e51883..., userDataDir: C:\Users\owner\AppData\Loca...}, goog:chromeOptions: {debuggerAddress: localhost:61565}, javascriptEnabled: true, networkConnectionEnabled: false, pageLoadStrategy: normal, platform: WINDOWS, platformName: WINDOWS, proxy: Proxy(), se:cdp: ws://localhost:61565/devtoo..., se:cdpVersion: 105.0.5195.53, setWindowRect: true, strictFileInteractability: false, timeouts: {implicit: 0, pageLoad: 300000, script: 30000}, unhandledPromptBehavior: dismiss and notify, webauthn:extension:credBlob: true, webauthn:extension:largeBlob: true, webauthn:virtualAuthenticators: true}
Session ID: 76bd4c7a4675559fe0975ca1a6bed406
at sun.reflect.NativeConstructorAccessorImpl.newInstance0(Native Method)
at sun.reflect.NativeConstructorAccessorImpl.newInstance(Unknown Source)
at sun.reflect.DelegatingConstructorAccessorImpl.newInstance(Unknown Source)
at java.lang.reflect.Constructor.newInstance(Unknown Source)
at org.openqa.selenium.remote.codec.w3c.W3CHttpResponseCodec.createException(W3CHttpResponseCodec.java:200)
at org.openqa.selenium.remote.codec.w3c.W3CHttpResponseCodec.decode(W3CHttpResponseCodec.java:133)
at org.openqa.selenium.remote.codec.w3c.W3CHttpResponseCodec.decode(W3CHttpResponseCodec.java:53)
at org.openqa.selenium.remote.HttpCommandExecutor.execute(HttpCommandExecutor.java:184)
at org.openqa.selenium.remote.service.DriverCommandExecutor.invokeExecute(DriverCommandExecutor.java:164)
at org.openqa.selenium.remote.service.DriverCommandExecutor.execute(DriverCommandExecutor.java:139)
at org.openqa.selenium.remote.RemoteWebDriver.execute(RemoteWebDriver.java:559)
at org.openqa.selenium.remote.ElementLocation$ElementFinder$2.findElement(ElementLocation.java:162)
at org.openqa.selenium.remote.ElementLocation.findElement(ElementLocation.java:60)
at org.openqa.selenium.remote.RemoteWebDriver.findElement(RemoteWebDriver.java:383)
at org.openqa.selenium.remote.RemoteWebDriver.findElement(RemoteWebDriver.java:375)
at org.openqa.selenium.support.pagefactory.DefaultElementLocator.findElement(DefaultElementLocator.java:70)
at org.openqa.selenium.support.pagefactory.internal.LocatingElementHandler.invoke(LocatingElementHandler.java:39)
at com.sun.proxy.$Proxy15.isEnabled(Unknown Source)
at TestMavenCheck.Test.CartPageTest.varifyPlaceOrderBtnEnabled(CartPageTest.java:26)
at sun.reflect.NativeMethodAccessorImpl.invoke0(Native Method)
at sun.reflect.NativeMethodAccessorImpl.invoke(Unknown Source)
at sun.reflect.DelegatingMethodAccessorImpl.invoke(Unknown Source)
at java.lang.reflect.Method.invoke(Unknown Source)
at org.testng.internal.MethodInvocationHelper.invokeMethod(MethodInvocationHelper.java:134)
at org.testng.internal.TestInvoker.invokeMethod(TestInvoker.java:597)
at org.testng.internal.TestInvoker.invokeTestMethod(TestInvoker.java:173)
at org.testng.internal.MethodRunner.runInSequence(MethodRunner.java:46)
at org.testng.internal.TestInvoker$MethodInvocationAgent.invoke(TestInvoker.java:816)
at org.testng.internal.TestInvoker.invokeTestMethods(TestInvoker.java:146)
at org.testng.internal.TestMethodWorker.invokeTestMethods(TestMethodWorker.java:146)
at org.testng.internal.TestMethodWorker.run(TestMethodWorker.java:128)
at java.util.ArrayList.forEach(Unknown Source)
at org.testng.TestRunner.privateRun(TestRunner.java:766)
at org.testng.TestRunner.run(TestRunner.java:587)
at org.testng.SuiteRunner.runTest(SuiteRunner.java:384)
at org.testng.SuiteRunner.runSequentially(SuiteRunner.java:378)
at org.testng.SuiteRunner.privateRun(SuiteRunner.java:337)
at org.testng.SuiteRunner.run(SuiteRunner.java:286)
at org.testng.SuiteRunnerWorker.runSuite(SuiteRunnerWorker.java:53)
at org.testng.SuiteRunnerWorker.run(SuiteRunnerWorker.java:96)
at org.testng.TestNG.runSuitesSequentially(TestNG.java:1187)
at org.testng.TestNG.runSuitesLocally(TestNG.java:1109)
at org.testng.TestNG.runSuites(TestNG.java:1039)
at org.testng.TestNG.run(TestNG.java:1007)
at org.testng.remote.AbstractRemoteTestNG.run(AbstractRemoteTestNG.java:115)
at org.testng.remote.RemoteTestNG.initAndRun(RemoteTestNG.java:251)
at org.testng.remote.RemoteTestNG.main(RemoteTestNG.java:77)
]]>
            </full-stacktrace>
          </exception> <!-- org.openqa.selenium.NoSuchElementException -->
          <reporter-output>
          </reporter-output>
        </test-method> <!-- varifyPlaceOrderBtnEnabled -->
        <test-method status="PASS" signature="tearDownBrowser()[pri:0, instance:TestMavenCheck.Test.CartPageTest@71248c21]" name="tearDownBrowser" is-config="true" duration-ms="1513" started-at="2022-09-08T12:59:06 IST" finished-at="2022-09-08T12:59:08 IST">
          <reporter-output>
          </reporter-output>
        </test-method> <!-- tearDownBrowser -->
      </class> <!-- TestMavenCheck.Test.CartPageTest -->
      <class name="TestMavenCheck.Test.ProductPageTest">
        <test-method status="PASS" signature="launchBrowser()[pri:0, instance:TestMavenCheck.Test.ProductPageTest@453da22c]" name="launchBrowser" is-config="true" duration-ms="20173" started-at="2022-09-08T12:57:44 IST" finished-at="2022-09-08T12:58:04 IST">
          <reporter-output>
          </reporter-output>
        </test-method> <!-- launchBrowser -->
        <test-method status="PASS" signature="pageObjects()[pri:0, instance:TestMavenCheck.Test.ProductPageTest@453da22c]" name="pageObjects" is-config="true" duration-ms="3" started-at="2022-09-08T12:58:04 IST" finished-at="2022-09-08T12:58:04 IST">
          <reporter-output>
          </reporter-output>
        </test-method> <!-- pageObjects -->
        <test-method status="PASS" signature="varifyAddtoKart()[pri:0, instance:TestMavenCheck.Test.ProductPageTest@453da22c]" name="varifyAddtoKart" duration-ms="33592" started-at="2022-09-08T12:58:04 IST" finished-at="2022-09-08T12:58:37 IST">
          <reporter-output>
          </reporter-output>
        </test-method> <!-- varifyAddtoKart -->
        <test-method status="PASS" signature="tearDownBrowser()[pri:0, instance:TestMavenCheck.Test.ProductPageTest@453da22c]" name="tearDownBrowser" is-config="true" duration-ms="1188" started-at="2022-09-08T12:58:37 IST" finished-at="2022-09-08T12:58:39 IST">
          <reporter-output>
          </reporter-output>
        </test-method> <!-- tearDownBrowser -->
      </class> <!-- TestMavenCheck.Test.ProductPageTest -->
      <class name="TestMavenCheck.Test.HomePageTest">
        <test-method status="PASS" signature="launchBrowser()[pri:0, instance:TestMavenCheck.Test.HomePageTest@16267862]" name="launchBrowser" is-config="true" duration-ms="37525" started-at="2022-09-08T12:56:37 IST" finished-at="2022-09-08T12:57:15 IST">
          <reporter-output>
          </reporter-output>
        </test-method> <!-- launchBrowser -->
        <test-method status="PASS" signature="pageObjects()[pri:0, instance:TestMavenCheck.Test.HomePageTest@16267862]" name="pageObjects" is-config="true" duration-ms="9" started-at="2022-09-08T12:57:15 IST" finished-at="2022-09-08T12:57:15 IST">
          <reporter-output>
          </reporter-output>
        </test-method> <!-- pageObjects -->
        <test-method status="PASS" signature="varifySearchItem()[pri:0, instance:TestMavenCheck.Test.HomePageTest@16267862]" name="varifySearchItem" duration-ms="27239" started-at="2022-09-08T12:57:15 IST" finished-at="2022-09-08T12:57:42 IST">
          <reporter-output>
          </reporter-output>
        </test-method> <!-- varifySearchItem -->
        <test-method status="PASS" signature="tearDownBrowser()[pri:0, instance:TestMavenCheck.Test.HomePageTest@16267862]" name="tearDownBrowser" is-config="true" duration-ms="1367" started-at="2022-09-08T12:57:42 IST" finished-at="2022-09-08T12:57:44 IST">
          <reporter-output>
          </reporter-output>
        </test-method> <!-- tearDownBrowser -->
      </class> <!-- TestMavenCheck.Test.HomePageTest -->
      <class name="TestMavenCheck.Test.LoginPageTest">
        <test-method status="PASS" signature="launchBrowser()[pri:0, instance:TestMavenCheck.Test.LoginPageTest@6b67034]" name="launchBrowser" is-config="true" duration-ms="29301" started-at="2022-09-08T12:55:58 IST" finished-at="2022-09-08T12:56:27 IST">
          <reporter-output>
          </reporter-output>
        </test-method> <!-- launchBrowser -->
        <test-method status="PASS" signature="pageObjects()[pri:0, instance:TestMavenCheck.Test.LoginPageTest@6b67034]" name="pageObjects" is-config="true" duration-ms="161" started-at="2022-09-08T12:56:27 IST" finished-at="2022-09-08T12:56:28 IST">
          <reporter-output>
          </reporter-output>
        </test-method> <!-- pageObjects -->
        <test-method status="PASS" signature="varifyLogin()[pri:0, instance:TestMavenCheck.Test.LoginPageTest@6b67034]" name="varifyLogin" duration-ms="8119" started-at="2022-09-08T12:56:28 IST" finished-at="2022-09-08T12:56:36 IST">
          <reporter-output>
          </reporter-output>
        </test-method> <!-- varifyLogin -->
        <test-method status="PASS" signature="pageObjects()[pri:0, instance:TestMavenCheck.Test.LoginPageTest@6b67034]" name="pageObjects" is-config="true" duration-ms="14" started-at="2022-09-08T12:56:36 IST" finished-at="2022-09-08T12:56:36 IST">
          <reporter-output>
          </reporter-output>
        </test-method> <!-- pageObjects -->
        <test-method status="PASS" signature="varifyTopOffers()[pri:0, instance:TestMavenCheck.Test.LoginPageTest@6b67034]" name="varifyTopOffers" duration-ms="346" started-at="2022-09-08T12:56:36 IST" finished-at="2022-09-08T12:56:36 IST">
          <reporter-output>
          </reporter-output>
        </test-method> <!-- varifyTopOffers -->
        <test-method status="PASS" signature="tearDownBrowser()[pri:0, instance:TestMavenCheck.Test.LoginPageTest@6b67034]" name="tearDownBrowser" is-config="true" duration-ms="1291" started-at="2022-09-08T12:56:36 IST" finished-at="2022-09-08T12:56:37 IST">
          <reporter-output>
          </reporter-output>
        </test-method> <!-- tearDownBrowser -->
      </class> <!-- TestMavenCheck.Test.LoginPageTest -->
    </test> <!-- Test -->
  </suite> <!-- Suite -->
</testng-results>
